Execution start: 2024-12-13 21:40:26.863960
{
    "in_dir": "train_preproc",
    "method": "per_word",
    "out_dir": "hrg"
}


Number of no rules: 0
[]
Number of not validated: 0
[]
Number of not all rules used: 17
[1988, 11130, 20321, 20525, 24703, 25063, 25609, 26213, 26214, 26383, 27729, 28889, 35238, 36037, 37595, 43182, 43184]
Number of not all nodes covered: 0
[]
Number of parse did not finish: 290
[295, 520, 521, 729, 1345, 1998, 2384, 2425, 2631, 3102, 3328, 4549, 4550, 5283, 5654, 6639, 7045, 7249, 7305, 8385, 8634, 8883, 9692, 9702, 9831, 9901, 10429, 10470, 10585, 10586, 10587, 11189, 11865, 11866, 11867, 11891, 11897, 11904, 12093, 12226, 12724, 13355, 13356, 13357, 13913, 14170, 14311, 14498, 14549, 14610, 14623, 14624, 14645, 14771, 14772, 14773, 14790, 14915, 15023, 15117, 15216, 15370, 15371, 15651, 16242, 16473, 16491, 16662, 16710, 16713, 17530, 17945, 17946, 17959, 18079, 18361, 18362, 18373, 18374, 18850, 19078, 19643, 20544, 20545, 20555, 20742, 20749, 20756, 20958, 21308, 21311, 21312, 22107, 22304, 22451, 22833, 23030, 23062, 23284, 23439, 23533, 23619, 23620, 23825, 23830, 23876, 23885, 23930, 24197, 24627, 24630, 25164, 25194, 25335, 25336, 25489, 25520, 25945, 26003, 26075, 26077, 26133, 26161, 26516, 26517, 26561, 26562, 27252, 27286, 27336, 27882, 27948, 27949, 28043, 28093, 28105, 28258, 28608, 28714, 28744, 28893, 28957, 29039, 29115, 29378, 29442, 29474, 29478, 29481, 29519, 29564, 29687, 29688, 29689, 29873, 29914, 29991, 29998, 30310, 30566, 30597, 30604, 30829, 30835, 30956, 30981, 31105, 31106, 31390, 31432, 31677, 31709, 31710, 31976, 32041, 32178, 32180, 32348, 32404, 32426, 32431, 32583, 33069, 33325, 33405, 33708, 33985, 33986, 34202, 34363, 34426, 34522, 34523, 34554, 34704, 34818, 34841, 34852, 34873, 35017, 35018, 35061, 35235, 35337, 35361, 35481, 35593, 35895, 36046, 36157, 36343, 36711, 36844, 36846, 36883, 36884, 37113, 37116, 37236, 37263, 37339, 37342, 37364, 37387, 37442, 37507, 37682, 37750, 37981, 37982, 38035, 38172, 38463, 38464, 38660, 38797, 38798, 39138, 39447, 39449, 39451, 39661, 39825, 39864, 39897, 39934, 40023, 40042, 40061, 40233, 40453, 40455, 41528, 41530, 41547, 41669, 41747, 41751, 42028, 42037, 42133, 42434, 42435, 42488, 42519, 42525, 42934, 42989, 43004, 43069, 43336, 43346, 43612, 43655, 43910, 43911, 43915, 43941, 43957, 44714, 44878, 44893, 45002, 45010, 45328, 45337, 45363, 45722, 45754, 45808]
Number of cky conversion did not finish: 34
[3104, 3324, 3425, 3426, 3427, 4056, 4098, 6188, 6468, 7140, 8399, 10594, 10611, 13488, 16361, 18492, 18494, 22105, 22106, 24780, 25128, 27199, 27388, 28396, 29073, 32310, 35583, 37246, 38430, 40089, 40090, 42555, 43101, 44006]

First sentence to process: 0
Last sentence to process: 46015

Execution finish: 2024-12-14 07:01:22.544189
Elapsed time: 561 min 56 sec

